<?xml version="1.0" encoding="UTF-8"?>
<testsuite name="TasklistTest" tests="1" skipped="0" failures="0" errors="0" timestamp="2022-08-19T16:54:53" hostname="DESKTOP-8K4BEPP" time="1.545">
  <properties/>
  <testcase name="start" classname="TasklistTest" time="1.545"/>
  <system-out><![CDATA[?[1;31m
Start test 1?[0m
Input an action (add, print, edit, delete, end):
> input
The input action is invalid
Input an action (add, print, edit, delete, end):
> task
The input action is invalid
Input an action (add, print, edit, delete, end):
> 
The input action is invalid
Input an action (add, print, edit, delete, end):
> 123
The input action is invalid
Input an action (add, print, edit, delete, end):
>  
The input action is invalid
Input an action (add, print, edit, delete, end):
> end
Tasklist exiting!
?[1;31m
Start test 2?[0m
Input an action (add, print, edit, delete, end):
> add
Input the task priority (C, H, N, L):
> normal
Input the task priority (C, H, N, L):
> Critical
Input the task priority (C, H, N, L):
> low
Input the task priority (C, H, N, L):
> high
Input the task priority (C, H, N, L):
>  
Input the task priority (C, H, N, L):
> N
Input the date (yyyy-mm-dd):
> 2022-1-1
Input the time (hh:mm):
> 0:0
Input a new task (enter a blank line to end):
> Happy new year!
> 
Input an action (add, print, edit, delete, end):
> end
Tasklist exiting!
?[1;31m
Start test 3?[0m
Input an action (add, print, edit, delete, end):
> add
Input the task priority (C, H, N, L):
> N
Input the date (yyyy-mm-dd):
> 2021-2-29
The input date is invalid
Input the date (yyyy-mm-dd):
> 2021-13-1
The input date is invalid
Input the date (yyyy-mm-dd):
> 2021-12-32
The input date is invalid
Input the date (yyyy-mm-dd):
> thisDay
The input date is invalid
Input the date (yyyy-mm-dd):
>  
The input date is invalid
Input the date (yyyy-mm-dd):
> 2022-1-1
Input the time (hh:mm):
> 0:0
Input a new task (enter a blank line to end):
> Happy new year!
> 
Input an action (add, print, edit, delete, end):
> end
Tasklist exiting!
?[1;31m
Start test 4?[0m
Input an action (add, print, edit, delete, end):
> add
Input the task priority (C, H, N, L):
> N
Input the date (yyyy-mm-dd):
> 2022-1-1
Input the time (hh:mm):
> 24:00
The input time is invalid
Input the time (hh:mm):
> 12:60
The input time is invalid
Input the time (hh:mm):
> 12.12
The input time is invalid
Input the time (hh:mm):
> thisTime
The input time is invalid
Input the time (hh:mm):
>  
The input time is invalid
Input the time (hh:mm):
> 0:0
Input a new task (enter a blank line to end):
> Happy new year!
> 
Input an action (add, print, edit, delete, end):
> end
Tasklist exiting!
?[1;31m
Start test 5?[0m
Input an action (add, print, edit, delete, end):
> add
Input the task priority (C, H, N, L):
> N
Input the date (yyyy-mm-dd):
> 2022-1-1
Input the time (hh:mm):
> 0:0
Input a new task (enter a blank line to end):
>      
The task is blank
Input an action (add, print, edit, delete, end):
> end
Tasklist exiting!
?[1;31m
Start test 6?[0m
Input an action (add, print, edit, delete, end):
> print
No tasks have been input
Input an action (add, print, edit, delete, end):
> edit
No tasks have been input
Input an action (add, print, edit, delete, end):
> delete
No tasks have been input
Input an action (add, print, edit, delete, end):
> end
Tasklist exiting!
?[1;31m
Start test 7?[0m
Input an action (add, print, edit, delete, end):
> add
Input the task priority (C, H, N, L):
> C
Input the date (yyyy-mm-dd):
> 2022-08-19
Input the time (hh:mm):
> 17:00
Input a new task (enter a blank line to end):
> See my dentist
> 
Input an action (add, print, edit, delete, end):
> add
Input the task priority (C, H, N, L):
> h
Input the date (yyyy-mm-dd):
> 2022-08-26
Input the time (hh:mm):
> 17:00
Input a new task (enter a blank line to end):
> Cinema: get tickets
> Check movie reviews
> 
Input an action (add, print, edit, delete, end):
> add
Input the task priority (C, H, N, L):
> n
Input the date (yyyy-mm-dd):
> 2022-08-12
Input the time (hh:mm):
> 19:00
Input a new task (enter a blank line to end):
> Supermarket
> Chocolates
> flour
> oranges
> 
Input an action (add, print, edit, delete, end):
> add
Input the task priority (C, H, N, L):
> l
Input the date (yyyy-mm-dd):
> 2022-08-26
Input the time (hh:mm):
> 12:00
Input a new task (enter a blank line to end):
> Buy book
> 
Input an action (add, print, edit, delete, end):
> print
+----+------------+-------+---+---+--------------------------------------------+
| N  |    Date    | Time  | P | D |                   Task                     |
+----+------------+-------+---+---+--------------------------------------------+
| 1  | 2022-08-19 | 17:00 | ?[101m ?[0m | ?[103m ?[0m |See my dentist                              |
+----+------------+-------+---+---+--------------------------------------------+
| 2  | 2022-08-26 | 17:00 | ?[103m ?[0m | ?[102m ?[0m |Cinema: get tickets                         |
|    |            |       |   |   |Check movie reviews                         |
+----+------------+-------+---+---+--------------------------------------------+
| 3  | 2022-08-12 | 19:00 | ?[102m ?[0m | ?[101m ?[0m |Supermarket                                 |
|    |            |       |   |   |Chocolates                                  |
|    |            |       |   |   |flour                                       |
|    |            |       |   |   |oranges                                     |
+----+------------+-------+---+---+--------------------------------------------+
| 4  | 2022-08-26 | 12:00 | ?[104m ?[0m | ?[102m ?[0m |Buy book                                    |
+----+------------+-------+---+---+--------------------------------------------+
Input an action (add, print, edit, delete, end):
> end
Tasklist exiting!
?[1;31m
Start test 8?[0m
Input an action (add, print, edit, delete, end):
> add
Input the task priority (C, H, N, L):
> N
Input the date (yyyy-mm-dd):
> 2022-08-26
Input the time (hh:mm):
> 17:00
Input a new task (enter a blank line to end):
> Cinema: get tickets
> 
Input an action (add, print, edit, delete, end):
> add
Input the task priority (C, H, N, L):
> l
Input the date (yyyy-mm-dd):
> 2022-08-12
Input the time (hh:mm):
> 12:00
Input a new task (enter a blank line to end):
> Buy book
> 
Input an action (add, print, edit, delete, end):
> delete
+----+------------+-------+---+---+--------------------------------------------+
| N  |    Date    | Time  | P | D |                   Task                     |
+----+------------+-------+---+---+--------------------------------------------+
| 1  | 2022-08-26 | 17:00 | ?[102m ?[0m | ?[102m ?[0m |Cinema: get tickets                         |
+----+------------+-------+---+---+--------------------------------------------+
| 2  | 2022-08-12 | 12:00 | ?[104m ?[0m | ?[101m ?[0m |Buy book                                    |
+----+------------+-------+---+---+--------------------------------------------+
Input the task number (1-2):
> 1
The task is deleted
Input an action (add, print, edit, delete, end):
> delete
+----+------------+-------+---+---+--------------------------------------------+
| N  |    Date    | Time  | P | D |                   Task                     |
+----+------------+-------+---+---+--------------------------------------------+
| 1  | 2022-08-12 | 12:00 | ?[104m ?[0m | ?[101m ?[0m |Buy book                                    |
+----+------------+-------+---+---+--------------------------------------------+
Input the task number (1-1):
> 1
The task is deleted
Input an action (add, print, edit, delete, end):
> delete
No tasks have been input
Input an action (add, print, edit, delete, end):
> print
No tasks have been input
Input an action (add, print, edit, delete, end):
> end
Tasklist exiting!
?[1;31m
Start test 9?[0m
Input an action (add, print, edit, delete, end):
> add
Input the task priority (C, H, N, L):
> N
Input the date (yyyy-mm-dd):
> 2000-1-1
Input the time (hh:mm):
> 0:0
Input a new task (enter a blank line to end):
> My task
> 
Input an action (add, print, edit, delete, end):
> edit
+----+------------+-------+---+---+--------------------------------------------+
| N  |    Date    | Time  | P | D |                   Task                     |
+----+------------+-------+---+---+--------------------------------------------+
| 1  | 2000-01-01 | 00:00 | ?[102m ?[0m | ?[101m ?[0m |My task                                     |
+----+------------+-------+---+---+--------------------------------------------+
Input the task number (1-1):
> 1
Input a field to edit (priority, date, time, task):
> priority
Input the task priority (C, H, N, L):
> H
The task is changed
Input an action (add, print, edit, delete, end):
> edit
+----+------------+-------+---+---+--------------------------------------------+
| N  |    Date    | Time  | P | D |                   Task                     |
+----+------------+-------+---+---+--------------------------------------------+
| 1  | 2000-01-01 | 00:00 | ?[103m ?[0m | ?[101m ?[0m |My task                                     |
+----+------------+-------+---+---+--------------------------------------------+
Input the task number (1-1):
> 1
Input a field to edit (priority, date, time, task):
> date
Input the date (yyyy-mm-dd):
> 2001-2-2
The task is changed
Input an action (add, print, edit, delete, end):
> edit
+----+------------+-------+---+---+--------------------------------------------+
| N  |    Date    | Time  | P | D |                   Task                     |
+----+------------+-------+---+---+--------------------------------------------+
| 1  | 2001-02-02 | 00:00 | ?[103m ?[0m | ?[101m ?[0m |My task                                     |
+----+------------+-------+---+---+--------------------------------------------+
Input the task number (1-1):
> 1
Input a field to edit (priority, date, time, task):
> time
Input the time (hh:mm):
> 12:34
The task is changed
Input an action (add, print, edit, delete, end):
> edit
+----+------------+-------+---+---+--------------------------------------------+
| N  |    Date    | Time  | P | D |                   Task                     |
+----+------------+-------+---+---+--------------------------------------------+
| 1  | 2001-02-02 | 12:34 | ?[103m ?[0m | ?[101m ?[0m |My task                                     |
+----+------------+-------+---+---+--------------------------------------------+
Input the task number (1-1):
> 1
Input a field to edit (priority, date, time, task):
> task
Input a new task (enter a blank line to end):
> My new task
> 
The task is changed
Input an action (add, print, edit, delete, end):
> print
+----+------------+-------+---+---+--------------------------------------------+
| N  |    Date    | Time  | P | D |                   Task                     |
+----+------------+-------+---+---+--------------------------------------------+
| 1  | 2001-02-02 | 12:34 | ?[103m ?[0m | ?[101m ?[0m |My new task                                 |
+----+------------+-------+---+---+--------------------------------------------+
Input an action (add, print, edit, delete, end):
> end
Tasklist exiting!
?[1;31m
Start test 10?[0m
Input an action (add, print, edit, delete, end):
> add
Input the task priority (C, H, N, L):
> C
Input the date (yyyy-mm-dd):
> 2022-08-19
Input the time (hh:mm):
> 17:00
Input a new task (enter a blank line to end):
> See my dentist
> 
Input an action (add, print, edit, delete, end):
> add
Input the task priority (C, H, N, L):
> h
Input the date (yyyy-mm-dd):
> 2022-08-26
Input the time (hh:mm):
> 17:00
Input a new task (enter a blank line to end):
> Cinema: get tickets
> Check movie reviews
> 
Input an action (add, print, edit, delete, end):
> add
Input the task priority (C, H, N, L):
> n
Input the date (yyyy-mm-dd):
> 2022-08-12
Input the time (hh:mm):
> 19:00
Input a new task (enter a blank line to end):
> Supermarket
> Chocolates
> flour
> oranges
> 
Input an action (add, print, edit, delete, end):
> add
Input the task priority (C, H, N, L):
> l
Input the date (yyyy-mm-dd):
> 2022-08-26
Input the time (hh:mm):
> 12:00
Input a new task (enter a blank line to end):
> Buy book
> 
Input an action (add, print, edit, delete, end):
> print
+----+------------+-------+---+---+--------------------------------------------+
| N  |    Date    | Time  | P | D |                   Task                     |
+----+------------+-------+---+---+--------------------------------------------+
| 1  | 2022-08-19 | 17:00 | ?[101m ?[0m | ?[103m ?[0m |See my dentist                              |
+----+------------+-------+---+---+--------------------------------------------+
| 2  | 2022-08-26 | 17:00 | ?[103m ?[0m | ?[102m ?[0m |Cinema: get tickets                         |
|    |            |       |   |   |Check movie reviews                         |
+----+------------+-------+---+---+--------------------------------------------+
| 3  | 2022-08-12 | 19:00 | ?[102m ?[0m | ?[101m ?[0m |Supermarket                                 |
|    |            |       |   |   |Chocolates                                  |
|    |            |       |   |   |flour                                       |
|    |            |       |   |   |oranges                                     |
+----+------------+-------+---+---+--------------------------------------------+
| 4  | 2022-08-26 | 12:00 | ?[104m ?[0m | ?[102m ?[0m |Buy book                                    |
+----+------------+-------+---+---+--------------------------------------------+
Input an action (add, print, edit, delete, end):
> end
Tasklist exiting!
?[1;31m
Start test 11?[0m
Input an action (add, print, edit, delete, end):
> print
+----+------------+-------+---+---+--------------------------------------------+
| N  |    Date    | Time  | P | D |                   Task                     |
+----+------------+-------+---+---+--------------------------------------------+
| 1  | 2022-08-19 | 17:00 | ?[101m ?[0m | ?[103m ?[0m |See my dentist                              |
+----+------------+-------+---+---+--------------------------------------------+
| 2  | 2022-08-26 | 17:00 | ?[103m ?[0m | ?[102m ?[0m |Cinema: get tickets                         |
|    |            |       |   |   |Check movie reviews                         |
+----+------------+-------+---+---+--------------------------------------------+
| 3  | 2022-08-12 | 19:00 | ?[102m ?[0m | ?[101m ?[0m |Supermarket                                 |
|    |            |       |   |   |Chocolates                                  |
|    |            |       |   |   |flour                                       |
|    |            |       |   |   |oranges                                     |
+----+------------+-------+---+---+--------------------------------------------+
| 4  | 2022-08-26 | 12:00 | ?[104m ?[0m | ?[102m ?[0m |Buy book                                    |
+----+------------+-------+---+---+--------------------------------------------+
Input an action (add, print, edit, delete, end):
> end
Tasklist exiting!
]]></system-out>
  <system-err><![CDATA[]]></system-err>
</testsuite>
